<?xml version="1.0" encoding="UTF-8"?>
<!-- Generated by org.testng.reporters.JUnitXMLReporter -->
<testsuite hostname="C1130" name="Default test" tests="1" failures="0" timestamp="22 Nov 2017 11:50:08 GMT" time="0.023" errors="0">
  <testcase name="@BeforeTest loadconfig" time="0.0" classname="com.solartis.test.servicetesting.ServiceTestingProgram.MainClass">
    <failure type="java.lang.NullPointerException">
      <![CDATA[java.lang.NullPointerException
	at java.lang.Class.forName0(Native Method)
	at java.lang.Class.forName(Class.java:264)
	at com.solartis.test.util.common.DatabaseOperation.ConnectionSetup(DatabaseOperation.java:62)
	at com.solartis.test.Configuration.PropertiesHandle.WriteProperty(PropertiesHandle.java:54)
	at com.solartis.test.Configuration.PropertiesHandle.<init>(PropertiesHandle.java:48)
	at com.solartis.test.servicetesting.ServiceTestingProgram.MainClass.loadconfig(MainClass.java:49)
	at sun.reflect.NativeMethodAccessorImpl.invoke0(Native Method)
	at sun.reflect.NativeMethodAccessorImpl.invoke(NativeMethodAccessorImpl.java:62)
	at sun.reflect.DelegatingMethodAccessorImpl.invoke(DelegatingMethodAccessorImpl.java:43)
	at java.lang.reflect.Method.invoke(Method.java:498)
	at org.testng.internal.MethodInvocationHelper.invokeMethod(MethodInvocationHelper.java:84)
	at org.testng.internal.Invoker.invokeConfigurationMethod(Invoker.java:564)
	at org.testng.internal.Invoker.invokeConfigurations(Invoker.java:213)
	at org.testng.internal.Invoker.invokeConfigurations(Invoker.java:138)
	at org.testng.TestRunner.beforeRun(TestRunner.java:641)
	at org.testng.TestRunner.run(TestRunner.java:609)
	at org.testng.SuiteRunner.runTest(SuiteRunner.java:334)
	at org.testng.SuiteRunner.runSequentially(SuiteRunner.java:329)
	at org.testng.SuiteRunner.privateRun(SuiteRunner.java:291)
	at org.testng.SuiteRunner.run(SuiteRunner.java:240)
	at org.testng.SuiteRunnerWorker.runSuite(SuiteRunnerWorker.java:52)
	at org.testng.SuiteRunnerWorker.run(SuiteRunnerWorker.java:86)
	at org.testng.TestNG.runSuitesSequentially(TestNG.java:1224)
	at org.testng.TestNG.runSuitesLocally(TestNG.java:1149)
	at org.testng.TestNG.run(TestNG.java:1057)
	at org.testng.remote.RemoteTestNG.run(RemoteTestNG.java:111)
	at org.testng.remote.RemoteTestNG.initAndRun(RemoteTestNG.java:204)
	at org.testng.remote.RemoteTestNG.main(RemoteTestNG.java:175)
]]>
    </failure>
  </testcase> <!-- @BeforeTest loadconfig -->
  <testcase name="@AfterTest connectionclose" time="0.0" classname="com.solartis.test.servicetesting.ServiceTestingProgram.MainClass">
    <skipped/>
  </testcase> <!-- @AfterTest connectionclose -->
  <testcase name="apiTest" time="0.001" classname="com.solartis.test.servicetesting.ServiceTestingProgram.MainClass">
    <skipped/>
  </testcase> <!-- apiTest -->
</testsuite> <!-- Default test -->
